<?xml version="1.0" encoding="UTF-8"?>
<testsuite name="marvel.implTest.PathTest" tests="2" skipped="0" failures="0" errors="0" timestamp="2019-05-25T00:59:56" hostname="attu2.cs.washington.edu" time="0.002">
  <properties/>
  <testcase name="testBuildGraph" classname="marvel.implTest.PathTest" time="0.002"/>
  <testcase name="findPathTestwithStaff" classname="marvel.implTest.PathTest" time="0.0"/>
  <system-out><![CDATA[]]></system-out>
  <system-err><![CDATA[]]></system-err>
</testsuite>
