<?xml version="1.0" encoding="UTF-8"?>
<testsuite name="marvel.implTest.ParserTest" tests="1" skipped="0" failures="0" errors="0" timestamp="2019-05-25T00:59:56" hostname="attu2.cs.washington.edu" time="0.004">
  <properties/>
  <testcase name="testSmallParse" classname="marvel.implTest.ParserTest" time="0.004"/>
  <system-out><![CDATA[]]></system-out>
  <system-err><![CDATA[]]></system-err>
</testsuite>
