<?xml version="1.0" encoding="UTF-8"?>
<testsuite name="pathfinder.implTest.textInterface.TestDirection" tests="6" skipped="0" failures="0" errors="0" timestamp="2019-05-25T00:59:54" hostname="attu2.cs.washington.edu" time="0.022">
  <properties/>
  <testcase name="testResolveDirectionDownRight" classname="pathfinder.implTest.textInterface.TestDirection" time="0.002"/>
  <testcase name="testResolveDirectionBasic" classname="pathfinder.implTest.textInterface.TestDirection" time="0.001"/>
  <testcase name="testResolveDirectionBasicOrigin" classname="pathfinder.implTest.textInterface.TestDirection" time="0.0"/>
  <testcase name="testResolveDirectionNan" classname="pathfinder.implTest.textInterface.TestDirection" time="0.016"/>
  <testcase name="testResolveDirectionDownLeft" classname="pathfinder.implTest.textInterface.TestDirection" time="0.0"/>
  <testcase name="testResolveDirectionUpLeft" classname="pathfinder.implTest.textInterface.TestDirection" time="0.001"/>
  <system-out><![CDATA[]]></system-out>
  <system-err><![CDATA[]]></system-err>
</testsuite>
